{"/Users/gesha/Desktop/www/study-vue/src/services/getBooks.ts": {"path":"/Users/gesha/Desktop/www/study-vue/src/services/getBooks.ts","statementMap":{"0":{"start":{"line":1,"column":0},"end":{"line":1,"column":null}},"1":{"start":{"line":2,"column":0},"end":{"line":2,"column":null}},"2":{"start":{"line":4,"column":0},"end":{"line":4,"column":null}},"3":{"start":{"line":5,"column":26},"end":{"line":16,"column":null}},"4":{"start":{"line":5,"column":26},"end":{"line":5,"column":null}},"5":{"start":{"line":6,"column":10},"end":{"line":6,"column":13}},"6":{"start":{"line":7,"column":10},"end":{"line":7,"column":17}},"7":{"start":{"line":8,"column":10},"end":{"line":8,"column":16}},"8":{"start":{"line":11,"column":23},"end":{"line":11,"column":29}},"9":{"start":{"line":11,"column":12},"end":{"line":11,"column":20}},"10":{"start":{"line":12,"column":6},"end":{"line":12,"column":12}},"11":{"start":{"line":14,"column":6},"end":{"line":14,"column":13}},"12":{"start":{"line":17,"column":2},"end":{"line":17,"column":9}}},"fnMap":{"0":{"name":"default_1","decl":{"start":{"line":4,"column":0},"end":{"line":4,"column":null}},"loc":{"start":{"line":4,"column":0},"end":{"line":20,"column":null}}},"1":{"name":"(anonymous_1)","decl":{"start":{"line":5,"column":26},"end":{"line":5,"column":null}},"loc":{"start":{"line":5,"column":26},"end":{"line":16,"column":null}}}},"branchMap":{},"s":{"0":1,"1":1,"2":6,"3":5,"4":1,"5":1,"6":1,"7":1,"8":1,"9":0,"10":0,"11":0,"12":5},"f":{"0":5,"1":2},"b":{}}
,"/Users/gesha/Desktop/www/study-vue/src/store/index.ts": {"path":"/Users/gesha/Desktop/www/study-vue/src/store/index.ts","statementMap":{"0":{"start":{"line":1,"column":0},"end":{"line":1,"column":null}},"1":{"start":{"line":2,"column":0},"end":{"line":2,"column":null}},"2":{"start":{"line":5,"column":0},"end":{"line":5,"column":15}},"3":{"start":{"line":11,"column":6},"end":{"line":11,"column":13}},"4":{"start":{"line":16,"column":6},"end":{"line":16,"column":11}},"5":{"start":{"line":17,"column":6},"end":{"line":17,"column":9}},"6":{"start":{"line":18,"column":33},"end":{"line":18,"column":null}},"7":{"start":{"line":28,"column":8},"end":{"line":28,"column":13}},"8":{"start":{"line":32,"column":6},"end":{"line":32,"column":11}},"9":{"start":{"line":36,"column":21},"end":{"line":36,"column":25}},"10":{"start":{"line":37,"column":6},"end":{"line":37,"column":12}},"11":{"start":{"line":39,"column":20},"end":{"line":39,"column":24}},"12":{"start":{"line":40,"column":6},"end":{"line":40,"column":12}}},"fnMap":{"0":{"name":"(anonymous_0)","decl":{"start":{"line":10,"column":12},"end":{"line":10,"column":13}},"loc":{"start":{"line":10,"column":14},"end":{"line":12,"column":null}}},"1":{"name":"(anonymous_1)","decl":{"start":{"line":15,"column":4},"end":{"line":15,"column":12}},"loc":{"start":{"line":15,"column":30},"end":{"line":30,"column":null}}},"2":{"name":"(anonymous_2)","decl":{"start":{"line":17,"column":18},"end":{"line":17,"column":19}},"loc":{"start":{"line":17,"column":31},"end":{"line":29,"column":null}}},"3":{"name":"(anonymous_3)","decl":{"start":{"line":31,"column":4},"end":{"line":31,"column":11}},"loc":{"start":{"line":31,"column":31},"end":{"line":33,"column":null}}},"4":{"name":"(anonymous_4)","decl":{"start":{"line":36,"column":4},"end":{"line":36,"column":12}},"loc":{"start":{"line":36,"column":35},"end":{"line":38,"column":null}}},"5":{"name":"(anonymous_5)","decl":{"start":{"line":39,"column":4},"end":{"line":39,"column":11}},"loc":{"start":{"line":39,"column":36},"end":{"line":41,"column":null}}}},"branchMap":{"0":{"loc":{"start":{"line":23,"column":17},"end":{"line":23,"column":null}},"type":"cond-expr","locations":[{"start":{"line":23,"column":43},"end":{"line":23,"column":45}},{"start":{"line":23,"column":43},"end":{"line":23,"column":null}}]},"1":{"loc":{"start":{"line":23,"column":17},"end":{"line":23,"column":45}},"type":"binary-expr","locations":[{"start":{"line":23,"column":17},"end":{"line":23,"column":45}},{"start":{"line":23,"column":43},"end":{"line":23,"column":45}}]}},"s":{"0":1,"1":1,"2":1,"3":15,"4":1,"5":1,"6":2,"7":2,"8":0,"9":1,"10":1,"11":0,"12":0},"f":{"0":15,"1":1,"2":2,"3":0,"4":1,"5":0},"b":{"0":[0,2],"1":[2,2]}}
,"/Users/gesha/Desktop/www/study-vue/src/views/HomeView.vue": {"path":"/Users/gesha/Desktop/www/study-vue/src/views/HomeView.vue","statementMap":{"0":{"start":{"line":30,"column":0},"end":{"line":30,"column":null}},"1":{"start":{"line":31,"column":0},"end":{"line":31,"column":null}},"2":{"start":{"line":32,"column":0},"end":{"line":32,"column":null}},"3":{"start":{"line":33,"column":0},"end":{"line":33,"column":null}},"4":{"start":{"line":35,"column":28},"end":{"line":35,"column":null}},"5":{"start":{"line":36,"column":19},"end":{"line":36,"column":23}},"6":{"start":{"line":37,"column":12},"end":{"line":37,"column":21}},"7":{"start":{"line":38,"column":2},"end":{"line":40,"column":null}},"8":{"start":{"line":39,"column":4},"end":{"line":39,"column":11}},"9":{"start":{"line":41,"column":2},"end":{"line":41,"column":9}},"10":{"start":{"line":44,"column":2},"end":{"line":44,"column":12}},"11":{"start":{"line":46,"column":22},"end":{"line":46,"column":31}},"12":{"start":{"line":47,"column":2},"end":{"line":52,"column":null}},"13":{"start":{"line":48,"column":4},"end":{"line":48,"column":11}},"14":{"start":{"line":49,"column":24},"end":{"line":49,"column":26}},"15":{"start":{"line":50,"column":6},"end":{"line":50,"column":13}},"16":{"start":{"line":53,"column":2},"end":{"line":53,"column":9}}},"fnMap":{"0":{"name":"(anonymous_1)","decl":{"start":{"line":37,"column":21},"end":{"line":37,"column":null}},"loc":{"start":{"line":37,"column":21},"end":{"line":42,"column":null}}},"1":{"name":"changeText","decl":{"start":{"line":43,"column":9},"end":{"line":43,"column":20}},"loc":{"start":{"line":43,"column":23},"end":{"line":45,"column":null}}},"2":{"name":"(anonymous_3)","decl":{"start":{"line":46,"column":31},"end":{"line":46,"column":null}},"loc":{"start":{"line":46,"column":31},"end":{"line":54,"column":null}}},"3":{"name":"(anonymous_4)","decl":{"start":{"line":48,"column":30},"end":{"line":48,"column":31}},"loc":{"start":{"line":48,"column":33},"end":{"line":51,"column":null}}}},"branchMap":{"0":{"loc":{"start":{"line":38,"column":2},"end":{"line":40,"column":null}},"type":"if","locations":[{"start":{"line":38,"column":2},"end":{"line":40,"column":null}}]},"1":{"loc":{"start":{"line":47,"column":2},"end":{"line":52,"column":null}},"type":"if","locations":[{"start":{"line":47,"column":2},"end":{"line":52,"column":null}}]}},"s":{"0":1,"1":1,"2":1,"3":1,"4":5,"5":5,"6":5,"7":10,"8":5,"9":5,"10":1,"11":5,"12":12,"13":3,"14":4,"15":4,"16":9},"f":{"0":10,"1":1,"2":12,"3":4},"b":{"0":[5],"1":[3]}}
}
