{"/Users/gesha/Desktop/www/study-vue/src/store/index.ts": {"path":"/Users/gesha/Desktop/www/study-vue/src/store/index.ts","statementMap":{"0":{"start":{"line":1,"column":0},"end":{"line":1,"column":null}},"1":{"start":{"line":2,"column":0},"end":{"line":2,"column":null}},"2":{"start":{"line":5,"column":0},"end":{"line":5,"column":15}},"3":{"start":{"line":11,"column":6},"end":{"line":11,"column":13}},"4":{"start":{"line":16,"column":6},"end":{"line":16,"column":11}},"5":{"start":{"line":17,"column":6},"end":{"line":17,"column":9}},"6":{"start":{"line":18,"column":33},"end":{"line":18,"column":null}},"7":{"start":{"line":28,"column":8},"end":{"line":28,"column":13}},"8":{"start":{"line":32,"column":6},"end":{"line":32,"column":11}},"9":{"start":{"line":36,"column":21},"end":{"line":36,"column":25}},"10":{"start":{"line":37,"column":6},"end":{"line":37,"column":12}},"11":{"start":{"line":39,"column":20},"end":{"line":39,"column":24}},"12":{"start":{"line":40,"column":6},"end":{"line":40,"column":12}}},"fnMap":{"0":{"name":"(anonymous_0)","decl":{"start":{"line":10,"column":12},"end":{"line":10,"column":13}},"loc":{"start":{"line":10,"column":14},"end":{"line":12,"column":null}}},"1":{"name":"(anonymous_1)","decl":{"start":{"line":15,"column":4},"end":{"line":15,"column":12}},"loc":{"start":{"line":15,"column":30},"end":{"line":30,"column":null}}},"2":{"name":"(anonymous_2)","decl":{"start":{"line":17,"column":18},"end":{"line":17,"column":19}},"loc":{"start":{"line":17,"column":31},"end":{"line":29,"column":null}}},"3":{"name":"(anonymous_3)","decl":{"start":{"line":31,"column":4},"end":{"line":31,"column":11}},"loc":{"start":{"line":31,"column":31},"end":{"line":33,"column":null}}},"4":{"name":"(anonymous_4)","decl":{"start":{"line":36,"column":4},"end":{"line":36,"column":12}},"loc":{"start":{"line":36,"column":35},"end":{"line":38,"column":null}}},"5":{"name":"(anonymous_5)","decl":{"start":{"line":39,"column":4},"end":{"line":39,"column":11}},"loc":{"start":{"line":39,"column":36},"end":{"line":41,"column":null}}}},"branchMap":{},"s":{"0":1,"1":1,"2":1,"3":1,"4":0,"5":0,"6":0,"7":0,"8":1,"9":0,"10":0,"11":1,"12":1},"f":{"0":1,"1":0,"2":0,"3":1,"4":0,"5":1},"b":{}}
}
