TN:
SF:src/services/getBooks.ts
FN:4,default_1
FN:5,(anonymous_1)
FNF:2
FNH:2
FNDA:5,default_1
FNDA:2,(anonymous_1)
DA:1,1
DA:2,1
DA:4,6
DA:5,5
DA:6,1
DA:7,1
DA:8,1
DA:11,1
DA:12,0
DA:14,0
DA:17,5
LF:11
LH:9
BRF:0
BRH:0
end_of_record
TN:
SF:src/store/index.ts
FN:10,(anonymous_0)
FN:15,(anonymous_1)
FN:17,(anonymous_2)
FN:31,(anonymous_3)
FN:36,(anonymous_4)
FN:39,(anonymous_5)
FNF:6
FNH:4
FNDA:15,(anonymous_0)
FNDA:1,(anonymous_1)
FNDA:2,(anonymous_2)
FNDA:0,(anonymous_3)
FNDA:1,(anonymous_4)
FNDA:0,(anonymous_5)
DA:1,1
DA:2,1
DA:5,1
DA:11,15
DA:16,1
DA:17,1
DA:18,2
DA:28,2
DA:32,0
DA:36,1
DA:37,1
DA:39,0
DA:40,0
LF:13
LH:10
BRDA:23,0,0,0
BRDA:23,0,1,2
BRDA:23,1,0,2
BRDA:23,1,1,2
BRF:4
BRH:3
end_of_record
TN:
SF:src/views/HomeView.vue
FN:37,(anonymous_1)
FN:43,changeText
FN:46,(anonymous_3)
FN:48,(anonymous_4)
FNF:4
FNH:4
FNDA:10,(anonymous_1)
FNDA:1,changeText
FNDA:12,(anonymous_3)
FNDA:4,(anonymous_4)
DA:30,1
DA:31,1
DA:32,1
DA:33,1
DA:35,5
DA:36,5
DA:37,5
DA:38,10
DA:39,5
DA:41,5
DA:44,1
DA:46,5
DA:47,12
DA:48,3
DA:49,4
DA:50,4
DA:53,9
LF:17
LH:17
BRDA:38,0,0,5
BRDA:47,1,0,3
BRF:2
BRH:2
end_of_record
